Arguments: 
  /Users/poetry/.nvm/versions/node/v10.14.1/bin/node /usr/local/bin/yarn dev

PATH: 
  /Users/poetry/.nvm/versions/node/v10.14.1/bin:/Library/Frameworks/Python.framework/Versions/3.6/bin:/usr/local/bin:/usr/bin:/bin:/usr/sbin:/sbin:/usr/local/go/bin:/Library/Frameworks/Python.framework/Versions/3.6/bin:/Applications/Visual Studio Code.app/Contents/Resources/app/bin:/Applications/Visual Studio Code.app/Contents/Resources/app/bin

Yarn version: 
  1.5.1

Node version: 
  10.14.1

Platform: 
  darwin x64

npm manifest: 
  {
    "name": "FE-Interview-Questions",
    "version": "1.0.0",
    "description": "前端面试题整理",
    "main": "index.js",
    "dependencies": {
      "@vuepress/plugin-back-to-top": "^1.0.1",
      "@vuepress/plugin-google-analytics": "^1.0.1",
      "@vuepress/plugin-medium-zoom": "^1.0.1",
      "@vuepress/plugin-pwa": "^1.0.1",
      "args": "^5.0.1",
      "axios": "^0.19.0",
      "element-ui": "^2.13.2",
      "ismobilejs": "^1.0.3",
      "lodash": "^4.17.15",
      "npm-check-updates": "^3.2.2",
      "vuepress": "^1.2.0"
    },
    "scripts": {
      "dev": "vuepress dev",
      "build": "vuepress build"
    },
    "repository": {
      "type": "git",
      "url": "git+https://github.com/poetries/FE-Interview-Questions.git"
    },
    "author": "",
    "license": "ISC",
    "bugs": {
      "url": "https://github.com/poetries/FE-Interview-Questions/issues"
    },
    "homepage": "https://github.com/poetries/FE-Interview-Questions"
  }

yarn manifest: 
  No manifest

Lockfile: 
  No lockfile

Trace: 
  Error: Command failed.
  Exit code: 1
  Command: sh
  Arguments: -c vuepress dev
  Directory: /Users/poetry/workspace/code-practice/FE-Interview-Questions
  Output:
  
      at ProcessTermError.MessageError (/usr/local/lib/node_modules/yarn/lib/cli.js:186:110)
      at new ProcessTermError (/usr/local/lib/node_modules/yarn/lib/cli.js:226:113)
      at ChildProcess.<anonymous> (/usr/local/lib/node_modules/yarn/lib/cli.js:30281:17)
      at ChildProcess.emit (events.js:182:13)
      at maybeClose (internal/child_process.js:962:16)
      at Process.ChildProcess._handle.onexit (internal/child_process.js:251:5)
